[debug] [2024-09-14T17:20:16.334Z] ----------------------------------------------------------------------
[debug] [2024-09-14T17:20:16.337Z] Command:       C:\Program Files\nodejs\node.exe C:\Users\ghafu\AppData\Roaming\npm\node_modules\firebase-tools\lib\bin\firebase.js init
[debug] [2024-09-14T17:20:16.338Z] CLI Version:   13.17.0
[debug] [2024-09-14T17:20:16.338Z] Platform:      win32
[debug] [2024-09-14T17:20:16.338Z] Node Version:  v20.17.0
[debug] [2024-09-14T17:20:16.338Z] Time:          Sun Sep 15 2024 01:20:16 GMT+0800 (Singapore Standard Time)
[debug] [2024-09-14T17:20:16.339Z] ----------------------------------------------------------------------
[debug] 
[debug] [2024-09-14T17:20:16.347Z] > command requires scopes: ["email","openid","https://www.googleapis.com/auth/cloudplatformprojects.readonly","https://www.googleapis.com/auth/firebase","https://www.googleapis.com/auth/cloud-platform"]
[debug] [2024-09-14T17:20:16.347Z] > authorizing via signed-in user (abdulghafurjober@gmail.com)
[info] 
     ######## #### ########  ######## ########     ###     ######  ########
     ##        ##  ##     ## ##       ##     ##  ##   ##  ##       ##
     ######    ##  ########  ######   ########  #########  ######  ######
     ##        ##  ##    ##  ##       ##     ## ##     ##       ## ##
     ##       #### ##     ## ######## ########  ##     ##  ######  ########

You're about to initialize a Firebase project in this directory:

  C:\Users\ghafu\Documents\eco-steps-subang-bestari-2024

[debug] [2024-09-14T17:23:06.342Z] ----------------------------------------------------------------------
[debug] [2024-09-14T17:23:06.346Z] Command:       C:\Program Files\nodejs\node.exe C:\Users\ghafu\AppData\Roaming\npm\node_modules\firebase-tools\lib\bin\firebase.js init
[debug] [2024-09-14T17:23:06.346Z] CLI Version:   13.17.0
[debug] [2024-09-14T17:23:06.346Z] Platform:      win32
[debug] [2024-09-14T17:23:06.347Z] Node Version:  v20.17.0
[debug] [2024-09-14T17:23:06.347Z] Time:          Sun Sep 15 2024 01:23:06 GMT+0800 (Singapore Standard Time)
[debug] [2024-09-14T17:23:06.347Z] ----------------------------------------------------------------------
[debug] 
[debug] [2024-09-14T17:23:06.355Z] > command requires scopes: ["email","openid","https://www.googleapis.com/auth/cloudplatformprojects.readonly","https://www.googleapis.com/auth/firebase","https://www.googleapis.com/auth/cloud-platform"]
[debug] [2024-09-14T17:23:06.356Z] > authorizing via signed-in user (abdulghafurjober@gmail.com)
[info] 
     ######## #### ########  ######## ########     ###     ######  ########
     ##        ##  ##     ## ##       ##     ##  ##   ##  ##       ##
     ######    ##  ########  ######   ########  #########  ######  ######
     ##        ##  ##    ##  ##       ##     ## ##     ##       ## ##
     ##       #### ##     ## ######## ########  ##     ##  ######  ########

You're about to initialize a Firebase project in this directory:

  C:\Users\ghafu\Documents\eco-steps-subang-bestari-2024

[info] 
=== Project Setup
[info] 
[info] First, let's associate this project directory with a Firebase project.
[info] You can create multiple project aliases by running firebase use --add, 
[info] but for now we'll just set up a default project.
[info] 
[debug] [2024-09-14T17:24:00.095Z] >>> [apiv2][query] GET https://firebase.googleapis.com/v1beta1/projects pageSize=100
[debug] [2024-09-14T17:24:01.067Z] <<< [apiv2][status] GET https://firebase.googleapis.com/v1beta1/projects 200
[debug] [2024-09-14T17:24:01.067Z] <<< [apiv2][body] GET https://firebase.googleapis.com/v1beta1/projects [omitted]
